mode: atomic
github.com/kkboranbay/task-service/internal/api/server.go:31.11,69.2 17 0
github.com/kkboranbay/task-service/internal/api/server.go:71.30,73.95 2 0
github.com/kkboranbay/task-service/internal/api/server.go:73.95,75.3 1 0
github.com/kkboranbay/task-service/internal/api/server.go:76.2,76.12 1 0
github.com/kkboranbay/task-service/internal/api/server.go:79.54,85.59 4 0
github.com/kkboranbay/task-service/internal/api/server.go:85.59,87.3 1 0
github.com/kkboranbay/task-service/internal/api/server.go:89.2,89.17 1 0
github.com/kkboranbay/task-service/internal/api/server.go:89.17,91.3 1 0
github.com/kkboranbay/task-service/internal/api/server.go:93.2,94.12 2 0
github.com/kkboranbay/task-service/cmd/api/main.go:16.13,18.16 2 0
github.com/kkboranbay/task-service/cmd/api/main.go:18.16,20.3 1 0
github.com/kkboranbay/task-service/cmd/api/main.go:22.2,28.16 6 0
github.com/kkboranbay/task-service/cmd/api/main.go:28.16,30.3 1 0
github.com/kkboranbay/task-service/cmd/api/main.go:31.2,36.12 5 0
github.com/kkboranbay/task-service/cmd/api/main.go:36.12,37.38 1 0
github.com/kkboranbay/task-service/cmd/api/main.go:37.38,39.4 1 0
github.com/kkboranbay/task-service/cmd/api/main.go:41.2,49.45 6 0
github.com/kkboranbay/task-service/cmd/api/main.go:49.45,51.3 1 0
github.com/kkboranbay/task-service/cmd/api/main.go:53.2,53.53 1 0
github.com/kkboranbay/task-service/pkg/postgres/postgres.go:10.85,23.16 3 0
github.com/kkboranbay/task-service/pkg/postgres/postgres.go:23.16,25.3 1 0
github.com/kkboranbay/task-service/pkg/postgres/postgres.go:27.2,30.16 3 0
github.com/kkboranbay/task-service/pkg/postgres/postgres.go:30.16,32.3 1 0
github.com/kkboranbay/task-service/pkg/postgres/postgres.go:34.2,37.39 3 0
github.com/kkboranbay/task-service/pkg/postgres/postgres.go:37.39,39.3 1 0
github.com/kkboranbay/task-service/pkg/postgres/postgres.go:41.2,41.18 1 0
github.com/kkboranbay/task-service/pkg/postgres/postgres.go:44.32,45.17 1 0
github.com/kkboranbay/task-service/pkg/postgres/postgres.go:45.17,47.3 1 0
github.com/kkboranbay/task-service/pkg/logger/logger.go:13.43,17.16 3 0
github.com/kkboranbay/task-service/pkg/logger/logger.go:17.16,19.3 1 0
github.com/kkboranbay/task-service/pkg/logger/logger.go:20.2,24.50 3 0
github.com/kkboranbay/task-service/pkg/logger/logger.go:24.50,26.3 1 0
github.com/kkboranbay/task-service/pkg/logger/logger.go:27.2,27.52 1 0
github.com/kkboranbay/task-service/pkg/logger/logger.go:27.52,29.3 1 0
github.com/kkboranbay/task-service/pkg/logger/logger.go:30.2,30.54 1 0
github.com/kkboranbay/task-service/pkg/logger/logger.go:30.54,32.3 1 0
github.com/kkboranbay/task-service/pkg/logger/logger.go:33.2,33.55 1 0
github.com/kkboranbay/task-service/pkg/logger/logger.go:33.55,35.3 1 0
github.com/kkboranbay/task-service/pkg/logger/logger.go:37.2,37.71 1 0
github.com/kkboranbay/task-service/pkg/logger/logger.go:41.26,43.2 1 0
github.com/kkboranbay/task-service/pkg/logger/logger.go:46.63,49.2 2 0
github.com/kkboranbay/task-service/pkg/logger/logger.go:52.64,54.27 2 0
github.com/kkboranbay/task-service/pkg/logger/logger.go:54.27,56.3 1 0
github.com/kkboranbay/task-service/pkg/logger/logger.go:57.2,58.16 2 0
github.com/kkboranbay/task-service/pkg/logger/logger.go:62.43,65.2 2 0
github.com/kkboranbay/task-service/internal/mocks/task_repository.go:13.123,15.24 2 0
github.com/kkboranbay/task-service/internal/mocks/task_repository.go:15.24,17.3 1 0
github.com/kkboranbay/task-service/internal/mocks/task_repository.go:18.2,18.49 1 0
github.com/kkboranbay/task-service/internal/mocks/task_repository.go:21.98,23.24 2 0
github.com/kkboranbay/task-service/internal/mocks/task_repository.go:23.24,25.3 1 0
github.com/kkboranbay/task-service/internal/mocks/task_repository.go:26.2,26.49 1 0
github.com/kkboranbay/task-service/internal/mocks/task_repository.go:29.122,31.24 2 0
github.com/kkboranbay/task-service/internal/mocks/task_repository.go:31.24,33.3 1 0
github.com/kkboranbay/task-service/internal/mocks/task_repository.go:34.2,34.61 1 0
github.com/kkboranbay/task-service/internal/mocks/task_repository.go:37.126,39.24 2 0
github.com/kkboranbay/task-service/internal/mocks/task_repository.go:39.24,41.3 1 0
github.com/kkboranbay/task-service/internal/mocks/task_repository.go:42.2,42.49 1 0
github.com/kkboranbay/task-service/internal/mocks/task_repository.go:45.82,48.2 2 0
github.com/kkboranbay/task-service/internal/testutils/database.go:26.38,63.2 15 0
github.com/kkboranbay/task-service/internal/testutils/database.go:65.40,68.21 2 0
github.com/kkboranbay/task-service/internal/testutils/database.go:68.21,70.3 1 0
github.com/kkboranbay/task-service/internal/testutils/database.go:72.2,77.16 5 0
github.com/kkboranbay/task-service/internal/testutils/database.go:77.16,80.3 2 0
github.com/kkboranbay/task-service/internal/testutils/database.go:81.2,89.16 3 0
github.com/kkboranbay/task-service/internal/testutils/database.go:89.16,91.3 1 0
github.com/kkboranbay/task-service/internal/testutils/database.go:93.2,94.16 2 0
github.com/kkboranbay/task-service/internal/testutils/database.go:94.16,96.3 1 0
github.com/kkboranbay/task-service/internal/testutils/database.go:99.43,105.2 4 0
github.com/kkboranbay/task-service/internal/testutils/database.go:107.74,122.16 6 0
github.com/kkboranbay/task-service/internal/testutils/database.go:122.16,124.3 1 0
github.com/kkboranbay/task-service/internal/testutils/database.go:125.2,127.61 2 0
github.com/kkboranbay/task-service/internal/testutils/database.go:127.61,129.3 1 0
github.com/kkboranbay/task-service/internal/testutils/database.go:131.2,131.12 1 0
github.com/kkboranbay/task-service/internal/testutils/database.go:134.55,135.42 1 0
github.com/kkboranbay/task-service/internal/testutils/database.go:135.42,137.3 1 0
github.com/kkboranbay/task-service/internal/testutils/database.go:138.2,138.21 1 0
github.com/kkboranbay/task-service/internal/testutils/fixtures.go:8.62,19.37 2 0
github.com/kkboranbay/task-service/internal/testutils/fixtures.go:19.37,21.3 1 0
github.com/kkboranbay/task-service/internal/testutils/fixtures.go:23.2,23.13 1 0
github.com/kkboranbay/task-service/internal/testutils/fixtures.go:26.100,32.37 2 0
github.com/kkboranbay/task-service/internal/testutils/fixtures.go:32.37,34.3 1 0
github.com/kkboranbay/task-service/internal/testutils/fixtures.go:36.2,36.12 1 0
github.com/kkboranbay/task-service/internal/testutils/fixtures.go:39.100,47.37 3 0
github.com/kkboranbay/task-service/internal/testutils/fixtures.go:47.37,49.3 1 0
github.com/kkboranbay/task-service/internal/testutils/fixtures.go:51.2,51.12 1 0
github.com/kkboranbay/task-service/internal/testutils/fixtures.go:54.85,60.37 2 0
github.com/kkboranbay/task-service/internal/testutils/fixtures.go:60.37,62.3 1 0
github.com/kkboranbay/task-service/internal/testutils/fixtures.go:64.2,64.12 1 0
github.com/kkboranbay/task-service/internal/testutils/fixtures.go:67.34,69.2 1 0
github.com/kkboranbay/task-service/internal/testutils/fixtures.go:71.58,73.2 1 0
github.com/kkboranbay/task-service/internal/config/config.go:43.36,69.45 21 0
github.com/kkboranbay/task-service/internal/config/config.go:69.45,70.56 1 0
github.com/kkboranbay/task-service/internal/config/config.go:70.56,72.4 1 0
github.com/kkboranbay/task-service/internal/config/config.go:75.2,78.16 3 0
github.com/kkboranbay/task-service/internal/config/config.go:78.16,80.3 1 0
github.com/kkboranbay/task-service/internal/config/config.go:82.2,83.16 2 0
github.com/kkboranbay/task-service/internal/config/config.go:83.16,85.3 1 0
github.com/kkboranbay/task-service/internal/config/config.go:87.2,88.16 2 0
github.com/kkboranbay/task-service/internal/config/config.go:88.16,90.3 1 0
github.com/kkboranbay/task-service/internal/config/config.go:92.2,100.16 3 0
github.com/kkboranbay/task-service/internal/config/config.go:100.16,102.3 1 0
github.com/kkboranbay/task-service/internal/config/config.go:104.2,116.16 3 0
github.com/kkboranbay/task-service/internal/config/config.go:116.16,118.3 1 0
github.com/kkboranbay/task-service/internal/config/config.go:120.2,129.21 3 0
github.com/kkboranbay/task-service/internal/api/middleware/auth.go:25.88,27.2 1 0
github.com/kkboranbay/task-service/internal/api/middleware/auth.go:29.56,30.30 1 0
github.com/kkboranbay/task-service/internal/api/middleware/auth.go:30.30,32.23 2 0
github.com/kkboranbay/task-service/internal/api/middleware/auth.go:32.23,39.4 3 0
github.com/kkboranbay/task-service/internal/api/middleware/auth.go:41.3,42.27 2 0
github.com/kkboranbay/task-service/internal/api/middleware/auth.go:42.27,49.4 3 0
github.com/kkboranbay/task-service/internal/api/middleware/auth.go:51.3,54.102 3 0
github.com/kkboranbay/task-service/internal/api/middleware/auth.go:54.102,55.59 1 0
github.com/kkboranbay/task-service/internal/api/middleware/auth.go:55.59,57.5 1 0
github.com/kkboranbay/task-service/internal/api/middleware/auth.go:59.4,59.42 1 0
github.com/kkboranbay/task-service/internal/api/middleware/auth.go:62.3,62.17 1 0
github.com/kkboranbay/task-service/internal/api/middleware/auth.go:62.17,70.4 4 0
github.com/kkboranbay/task-service/internal/api/middleware/auth.go:72.3,72.19 1 0
github.com/kkboranbay/task-service/internal/api/middleware/auth.go:72.19,79.4 3 0
github.com/kkboranbay/task-service/internal/api/middleware/auth.go:81.3,83.11 2 0
github.com/kkboranbay/task-service/internal/api/middleware/auth.go:87.69,101.16 5 0
github.com/kkboranbay/task-service/internal/api/middleware/auth.go:101.16,104.3 2 0
github.com/kkboranbay/task-service/internal/api/middleware/auth.go:106.2,106.25 1 0
github.com/kkboranbay/task-service/internal/api/middleware/logging.go:14.59,16.2 1 0
github.com/kkboranbay/task-service/internal/api/middleware/logging.go:18.54,19.30 1 0
github.com/kkboranbay/task-service/internal/api/middleware/logging.go:19.30,31.20 8 0
github.com/kkboranbay/task-service/internal/api/middleware/logging.go:31.20,33.4 1 0
github.com/kkboranbay/task-service/internal/api/middleware/logging.go:34.3,34.20 1 0
github.com/kkboranbay/task-service/internal/api/middleware/logging.go:34.20,36.4 1 0
github.com/kkboranbay/task-service/internal/api/middleware/logging.go:38.3,45.67 1 0
github.com/kkboranbay/task-service/internal/api/middleware/metrics.go:37.45,38.30 1 0
github.com/kkboranbay/task-service/internal/api/middleware/metrics.go:38.30,50.17 8 0
github.com/kkboranbay/task-service/internal/api/middleware/metrics.go:50.17,52.4 1 0
github.com/kkboranbay/task-service/internal/api/middleware/metrics.go:53.3,56.78 3 0
github.com/kkboranbay/task-service/internal/service/task.go:17.87,22.2 1 5
github.com/kkboranbay/task-service/internal/service/task.go:24.119,25.21 1 3
github.com/kkboranbay/task-service/internal/service/task.go:25.21,27.3 1 1
github.com/kkboranbay/task-service/internal/service/task.go:29.2,32.16 3 2
github.com/kkboranbay/task-service/internal/service/task.go:32.16,35.3 2 1
github.com/kkboranbay/task-service/internal/service/task.go:37.2,38.18 2 1
github.com/kkboranbay/task-service/internal/service/task.go:41.95,45.16 3 2
github.com/kkboranbay/task-service/internal/service/task.go:45.16,48.3 2 1
github.com/kkboranbay/task-service/internal/service/task.go:50.2,50.18 1 1
github.com/kkboranbay/task-service/internal/service/task.go:53.123,54.14 1 5
github.com/kkboranbay/task-service/internal/service/task.go:54.14,56.3 1 1
github.com/kkboranbay/task-service/internal/service/task.go:57.2,57.18 1 5
github.com/kkboranbay/task-service/internal/service/task.go:57.18,59.3 1 1
github.com/kkboranbay/task-service/internal/service/task.go:60.2,60.20 1 5
github.com/kkboranbay/task-service/internal/service/task.go:60.20,62.3 1 1
github.com/kkboranbay/task-service/internal/service/task.go:64.2,69.16 4 5
github.com/kkboranbay/task-service/internal/service/task.go:69.16,72.3 2 0
github.com/kkboranbay/task-service/internal/service/task.go:74.2,74.18 1 5
github.com/kkboranbay/task-service/internal/service/task.go:77.123,80.23 2 3
github.com/kkboranbay/task-service/internal/service/task.go:80.23,82.119 2 3
github.com/kkboranbay/task-service/internal/service/task.go:82.119,84.4 1 1
github.com/kkboranbay/task-service/internal/service/task.go:87.2,88.16 2 2
github.com/kkboranbay/task-service/internal/service/task.go:88.16,91.3 2 1
github.com/kkboranbay/task-service/internal/service/task.go:93.2,94.18 2 1
github.com/kkboranbay/task-service/internal/service/task.go:97.79,101.16 3 2
github.com/kkboranbay/task-service/internal/service/task.go:101.16,104.3 2 1
github.com/kkboranbay/task-service/internal/service/task.go:106.2,107.12 2 1
github.com/kkboranbay/task-service/internal/api/handler/auth.go:16.96,21.2 1 0
github.com/kkboranbay/task-service/internal/api/handler/auth.go:23.52,25.2 2 0
github.com/kkboranbay/task-service/internal/api/handler/auth.go:25.2,27.3 1 0
github.com/kkboranbay/task-service/internal/api/handler/auth.go:30.45,32.47 2 0
github.com/kkboranbay/task-service/internal/api/handler/auth.go:32.47,39.3 3 0
github.com/kkboranbay/task-service/internal/api/handler/auth.go:41.2,41.56 1 0
github.com/kkboranbay/task-service/internal/api/handler/auth.go:41.56,48.3 3 0
github.com/kkboranbay/task-service/internal/api/handler/auth.go:50.2,52.16 3 0
github.com/kkboranbay/task-service/internal/api/handler/auth.go:52.16,59.3 3 0
github.com/kkboranbay/task-service/internal/api/handler/auth.go:61.2,66.4 2 0
github.com/kkboranbay/task-service/internal/api/handler/health.go:15.77,20.2 1 0
github.com/kkboranbay/task-service/internal/api/handler/health.go:22.54,25.2 2 0
github.com/kkboranbay/task-service/internal/api/handler/health.go:31.47,33.2 1 0
github.com/kkboranbay/task-service/internal/api/handler/health.go:36.51,37.55 1 0
github.com/kkboranbay/task-service/internal/api/handler/health.go:37.55,41.3 3 0
github.com/kkboranbay/task-service/internal/api/handler/health.go:43.2,43.53 1 0
github.com/kkboranbay/task-service/internal/api/handler/task.go:17.89,22.2 1 5
github.com/kkboranbay/task-service/internal/api/handler/task.go:24.57,26.2 2 5
github.com/kkboranbay/task-service/internal/api/handler/task.go:26.2,32.3 5 5
github.com/kkboranbay/task-service/internal/api/handler/task.go:35.63,37.13 2 13
github.com/kkboranbay/task-service/internal/api/handler/task.go:37.13,40.3 2 0
github.com/kkboranbay/task-service/internal/api/handler/task.go:41.2,42.9 2 13
github.com/kkboranbay/task-service/internal/api/handler/task.go:42.9,45.3 2 0
github.com/kkboranbay/task-service/internal/api/handler/task.go:46.2,46.17 1 13
github.com/kkboranbay/task-service/internal/api/handler/task.go:49.46,51.9 2 3
github.com/kkboranbay/task-service/internal/api/handler/task.go:51.9,57.3 2 0
github.com/kkboranbay/task-service/internal/api/handler/task.go:59.2,60.47 2 3
github.com/kkboranbay/task-service/internal/api/handler/task.go:60.47,67.3 3 2
github.com/kkboranbay/task-service/internal/api/handler/task.go:69.2,70.16 2 1
github.com/kkboranbay/task-service/internal/api/handler/task.go:70.16,77.3 3 0
github.com/kkboranbay/task-service/internal/api/handler/task.go:79.2,79.34 1 1
github.com/kkboranbay/task-service/internal/api/handler/task.go:82.47,84.9 2 3
github.com/kkboranbay/task-service/internal/api/handler/task.go:84.9,90.3 2 0
github.com/kkboranbay/task-service/internal/api/handler/task.go:92.2,94.16 3 3
github.com/kkboranbay/task-service/internal/api/handler/task.go:94.16,101.3 3 1
github.com/kkboranbay/task-service/internal/api/handler/task.go:103.2,104.16 2 2
github.com/kkboranbay/task-service/internal/api/handler/task.go:104.16,111.3 3 1
github.com/kkboranbay/task-service/internal/api/handler/task.go:113.2,113.29 1 1
github.com/kkboranbay/task-service/internal/api/handler/task.go:116.44,118.9 2 3
github.com/kkboranbay/task-service/internal/api/handler/task.go:118.9,124.3 2 0
github.com/kkboranbay/task-service/internal/api/handler/task.go:126.2,127.28 2 3
github.com/kkboranbay/task-service/internal/api/handler/task.go:127.28,129.3 1 1
github.com/kkboranbay/task-service/internal/api/handler/task.go:131.2,132.32 2 3
github.com/kkboranbay/task-service/internal/api/handler/task.go:132.32,134.3 1 0
github.com/kkboranbay/task-service/internal/api/handler/task.go:136.2,137.16 2 3
github.com/kkboranbay/task-service/internal/api/handler/task.go:137.16,144.3 3 0
github.com/kkboranbay/task-service/internal/api/handler/task.go:146.2,146.30 1 3
github.com/kkboranbay/task-service/internal/api/handler/task.go:149.46,151.9 2 2
github.com/kkboranbay/task-service/internal/api/handler/task.go:151.9,157.3 2 0
github.com/kkboranbay/task-service/internal/api/handler/task.go:159.2,161.16 3 2
github.com/kkboranbay/task-service/internal/api/handler/task.go:161.16,168.3 3 1
github.com/kkboranbay/task-service/internal/api/handler/task.go:170.2,171.47 2 1
github.com/kkboranbay/task-service/internal/api/handler/task.go:171.47,178.3 3 0
github.com/kkboranbay/task-service/internal/api/handler/task.go:180.2,181.16 2 1
github.com/kkboranbay/task-service/internal/api/handler/task.go:181.16,188.3 3 0
github.com/kkboranbay/task-service/internal/api/handler/task.go:190.2,190.29 1 1
github.com/kkboranbay/task-service/internal/api/handler/task.go:193.46,195.9 2 2
github.com/kkboranbay/task-service/internal/api/handler/task.go:195.9,201.3 2 0
github.com/kkboranbay/task-service/internal/api/handler/task.go:203.2,205.16 3 2
github.com/kkboranbay/task-service/internal/api/handler/task.go:205.16,212.3 3 1
github.com/kkboranbay/task-service/internal/api/handler/task.go:214.2,215.16 2 1
github.com/kkboranbay/task-service/internal/api/handler/task.go:215.16,222.3 3 0
github.com/kkboranbay/task-service/internal/api/handler/task.go:224.2,224.32 1 1
github.com/kkboranbay/task-service/internal/repository/postgres/task.go:19.70,21.2 1 0
github.com/kkboranbay/task-service/internal/repository/postgres/task.go:23.118,24.40 1 12
github.com/kkboranbay/task-service/internal/repository/postgres/task.go:24.40,26.3 1 1
github.com/kkboranbay/task-service/internal/repository/postgres/task.go:28.2,29.18 2 11
github.com/kkboranbay/task-service/internal/repository/postgres/task.go:29.18,31.3 1 11
github.com/kkboranbay/task-service/internal/repository/postgres/task.go:33.2,62.16 5 11
github.com/kkboranbay/task-service/internal/repository/postgres/task.go:62.16,64.3 1 0
github.com/kkboranbay/task-service/internal/repository/postgres/task.go:66.2,66.19 1 11
github.com/kkboranbay/task-service/internal/repository/postgres/task.go:69.94,89.16 4 8
github.com/kkboranbay/task-service/internal/repository/postgres/task.go:89.16,90.36 1 5
github.com/kkboranbay/task-service/internal/repository/postgres/task.go:90.36,92.4 1 5
github.com/kkboranbay/task-service/internal/repository/postgres/task.go:93.3,93.82 1 0
github.com/kkboranbay/task-service/internal/repository/postgres/task.go:96.2,96.19 1 3
github.com/kkboranbay/task-service/internal/repository/postgres/task.go:99.118,103.16 4 5
github.com/kkboranbay/task-service/internal/repository/postgres/task.go:103.16,105.3 1 0
github.com/kkboranbay/task-service/internal/repository/postgres/task.go:107.2,116.16 3 5
github.com/kkboranbay/task-service/internal/repository/postgres/task.go:116.16,118.3 1 0
github.com/kkboranbay/task-service/internal/repository/postgres/task.go:119.2,122.18 3 5
github.com/kkboranbay/task-service/internal/repository/postgres/task.go:122.18,135.17 3 11
github.com/kkboranbay/task-service/internal/repository/postgres/task.go:135.17,137.4 1 0
github.com/kkboranbay/task-service/internal/repository/postgres/task.go:138.3,138.30 1 11
github.com/kkboranbay/task-service/internal/repository/postgres/task.go:141.2,141.35 1 5
github.com/kkboranbay/task-service/internal/repository/postgres/task.go:141.35,143.3 1 0
github.com/kkboranbay/task-service/internal/repository/postgres/task.go:145.2,148.8 1 5
github.com/kkboranbay/task-service/internal/repository/postgres/task.go:151.122,153.16 2 4
github.com/kkboranbay/task-service/internal/repository/postgres/task.go:153.16,155.3 1 2
github.com/kkboranbay/task-service/internal/repository/postgres/task.go:157.2,157.22 1 2
github.com/kkboranbay/task-service/internal/repository/postgres/task.go:157.22,159.3 1 2
github.com/kkboranbay/task-service/internal/repository/postgres/task.go:160.2,160.28 1 2
github.com/kkboranbay/task-service/internal/repository/postgres/task.go:160.28,162.3 1 1
github.com/kkboranbay/task-service/internal/repository/postgres/task.go:163.2,163.23 1 2
github.com/kkboranbay/task-service/internal/repository/postgres/task.go:163.23,165.3 1 1
github.com/kkboranbay/task-service/internal/repository/postgres/task.go:166.2,166.24 1 2
github.com/kkboranbay/task-service/internal/repository/postgres/task.go:166.24,168.3 1 0
github.com/kkboranbay/task-service/internal/repository/postgres/task.go:170.2,191.16 4 2
github.com/kkboranbay/task-service/internal/repository/postgres/task.go:191.16,193.3 1 0
github.com/kkboranbay/task-service/internal/repository/postgres/task.go:195.2,195.18 1 2
github.com/kkboranbay/task-service/internal/repository/postgres/task.go:198.78,202.16 3 3
github.com/kkboranbay/task-service/internal/repository/postgres/task.go:202.16,204.3 1 0
github.com/kkboranbay/task-service/internal/repository/postgres/task.go:206.2,206.32 1 3
github.com/kkboranbay/task-service/internal/repository/postgres/task.go:206.32,208.3 1 2
github.com/kkboranbay/task-service/internal/repository/postgres/task.go:210.2,210.12 1 1
